<?xml version="1.0" encoding="UTF-8"?>
<testsuite xmlns:xsi="http://www.w3.org/2001/XMLSchema-instance" xsi:noNamespaceSchemaLocation="https://maven.apache.org/surefire/maven-surefire-plugin/xsd/surefire-test-report.xsd" version="3.0.2" name="com.bingli.moliapiinterface.MoliApiInterfaceApplicationTests" time="5.765" tests="1" errors="0" skipped="0" failures="0" flakes="0">
  <properties>
[...]
</properties>
  <testcase name="contextLoads" classname="com.bingli.moliapiinterface.MoliApiInterfaceApplicationTests" time="1.315">
    <system-out><![CDATA[21:03:49.705 [main] INFO org.springframework.test.context.support.AnnotationConfigContextLoaderUtils -- Could not detect default configuration classes for test class [com.bingli.moliapiinterface.MoliApiInterfaceApplicationTests]: MoliApiInterfaceApplicationTests does not declare any static, non-private, non-final, nested classes annotated with @Configuration.
21:03:49.828 [main] INFO org.springframework.boot.test.context.SpringBootTestContextBootstrapper -- Found @SpringBootConfiguration com.bingli.moliapiinterface.MoliApiInterfaceApplication for test class com.bingli.moliapiinterface.MoliApiInterfaceApplicationTests

  .   ____          _            __ _ _
 /\\ / ___'_ __ _ _(_)_ __  __ _ \ \ \ \
( ( )\___ | '_ | '_| | '_ \/ _` | \ \ \ \
 \\/  ___)| |_)| | | | | || (_| |  ) ) ) )
  '  |____| .__|_| |_|_| |_\__, | / / / /
 =========|_|==============|___/=/_/_/_/

 :: Spring Boot ::               (v3.5.12)

2026-03-27T21:03:50.393+08:00  INFO 29484 --- [moli-api-interface] [           main] c.b.m.MoliApiInterfaceApplicationTests   : Starting MoliApiInterfaceApplicationTests using Java 21.0.6 with PID 29484 (started by 15977 in E:\MoliAPI\moli-api-interface)
2026-03-27T21:03:50.394+08:00  INFO 29484 --- [moli-api-interface] [           main] c.b.m.MoliApiInterfaceApplicationTests   : No active profile set, falling back to 1 default profile: "default"
2026-03-27T21:03:51.886+08:00  INFO 29484 --- [moli-api-interface] [           main] com.zaxxer.hikari.HikariDataSource       : HikariPool-1 - Starting...
2026-03-27T21:03:52.356+08:00  INFO 29484 --- [moli-api-interface] [           main] com.zaxxer.hikari.pool.HikariPool        : HikariPool-1 - Added connection com.mysql.cj.jdbc.ConnectionImpl@3e377967
2026-03-27T21:03:52.358+08:00  INFO 29484 --- [moli-api-interface] [           main] com.zaxxer.hikari.HikariDataSource       : HikariPool-1 - Start completed.
Logging initialized using 'class org.apache.ibatis.logging.stdout.StdOutImpl' adapter.
Get /192.168.10.3 network interface 
Get network interface info: name:wireless_32768 (Intel(R) Wi-Fi 6 AX201 160MHz)
Initialization Sequence datacenterId:31 workerId:11
 _ _   |_  _ _|_. ___ _ |    _ 
| | |\/|_)(_| | |_\  |_)||_|_\ 
     /               |         
                        3.5.10 
2026-03-27T21:03:53.937+08:00  INFO 29484 --- [moli-api-interface] [           main] c.b.m.MoliApiInterfaceApplicationTests   : Started MoliApiInterfaceApplicationTests in 3.926 seconds (process running for 4.957)
]]></system-out>
    <system-err><![CDATA[Mockito is currently self-attaching to enable the inline-mock-maker. This will no longer work in future releases of the JDK. Please add Mockito as an agent to your build as described in Mockito's documentation: https://javadoc.io/doc/org.mockito/mockito-core/latest/org.mockito/org/mockito/Mockito.html#0.3
WARNING: A Java agent has been loaded dynamically (D:\apache-maven-3.9.1-bin\apache-maven-3.9.1\warehouse\net\bytebuddy\byte-buddy-agent\1.17.8\byte-buddy-agent-1.17.8.jar)
WARNING: If a serviceability tool is in use, please run with -XX:+EnableDynamicAgentLoading to hide this warning
WARNING: If a serviceability tool is not in use, please run with -Djdk.instrument.traceUsage for more information
WARNING: Dynamic loading of agents will be disallowed by default in a future release
]]></system-err>
  </testcase>
</testsuite>